<?xml version="1.0" encoding="UTF-8"?>
<!-- Generated by org.testng.reporters.JUnitReportReporter -->
<testsuite hostname="Ramis-MacBook-Pro.local" failures="0" tests="6" name="scripts.CarvanaTest" time="126.130" errors="0" timestamp="2022-06-20T00:18:36 CDT" skipped="0">
  <testcase classname="scripts.CarvanaTest" name="testHomePage" time="14.029"/>
  <system-out/>
  <testcase classname="scripts.CarvanaTest" name="testLogo" time="13.968"/>
  <system-out/>
  <testcase classname="scripts.CarvanaTest" name="testMainNavigation" time="16.471"/>
  <system-out/>
  <testcase classname="scripts.CarvanaTest" name="testSignInError" time="20.107"/>
  <system-out/>
  <testcase classname="scripts.CarvanaTest" name="testSearchFilters" time="28.138"/>
  <system-out/>
  <testcase classname="scripts.CarvanaTest" name="testSearchResultTiles" time="33.417"/>
  <system-out/>
</testsuite> <!-- scripts.CarvanaTest -->
